Build started 10/14/2016 14:19:58.
     1>Project "C:\Program Files\FaceTrackTK\FaceTrackTK\FaceTrackTK.vcxproj" on node 2 (Build target(s)).
     1>Link:
         C:\Program Files (x86)\Microsoft Visual Studio 12.0\VC\bin\x86_amd64\link.exe /ERRORREPORT:PROMPT /OUT:"C:\Program Files\FaceTrackTK\x64\Release\FaceTrackTK.exe" /INCREMENTAL:NO /NOLOGO /LIBPATH:"C:\Program Files\FaceTrackTK\opencv\build\x64\vc12\lib" opencv_world310.lib /MANIFEST /MANIFESTUAC:"level='asInvoker' uiAccess='false'" /manifest:embed /manifestinput:"C:\Program Files (x86)\Microsoft Visual Studio 12.0\VC\Include\Manifest\dpiaware.manifest" /DEBUG /PDB:"C:\Program Files\FaceTrackTK\x64\Release\FaceTrackTK.pdb" /SUBSYSTEM:WINDOWS /OPT:REF /OPT:ICF /LTCG /TLBID:1 /ENTRY:"wWinMainCRTStartup" /DYNAMICBASE /NXCOMPAT /IMPLIB:"C:\Program Files\FaceTrackTK\x64\Release\FaceTrackTK.lib" /MACHINE:X64 x64\Release\FaceTrackTK.res
         x64\Release\ChildFrm.obj
         x64\Release\Controller.obj
         x64\Release\FaceTrackTK.obj
         x64\Release\FaceTrackTKDoc.obj
         x64\Release\FaceTrackTKView.obj
         x64\Release\ImageProcess.obj
         x64\Release\Keyboard.obj
         x64\Release\MainFrm.obj
         x64\Release\stdafx.obj
         x64\Release\TextDlg.obj
         Generating code
         Finished generating code
         FaceTrackTK.vcxproj -> C:\Program Files\FaceTrackTK\x64\Release\FaceTrackTK.exe
     1>Done Building Project "C:\Program Files\FaceTrackTK\FaceTrackTK\FaceTrackTK.vcxproj" (Build target(s)).

Build succeeded.

Time Elapsed 00:00:08.75
